#
# There is insufficient memory for the Java Runtime Environment to continue.
# Native memory allocation (mmap) failed to map 21626880 bytes for committing reserved memory.
# Possible reasons:
#   The system is out of physical RAM or swap space
#   The process is running with CompressedOops enabled, and the Java Heap may be blocking the growth of the native heap
# Possible solutions:
#   Reduce memory load on the system
#   Increase physical memory or swap space
#   Check if swap backing store is full
#   Decrease Java heap size (-Xmx/-Xms)
#   Decrease number of Java threads
#   Decrease Java thread stack sizes (-Xss)
#   Set larger code cache with -XX:ReservedCodeCacheSize=
# This output file may be truncated or incomplete.
#
#  Out of Memory Error (os_linux.cpp:2749), pid=142911, tid=0x00007fafd63b4700
#
# JRE version:  (8.0_212-b10) (build )
# Java VM: Java HotSpot(TM) 64-Bit Server VM (25.212-b10 mixed mode linux-amd64 compressed oops)
# Failed to write core dump. Core dumps have been disabled. To enable core dumping, try "ulimit -c unlimited" before starting Java again
#

---------------  T H R E A D  ---------------

Current thread (0x00007fafd000e000):  JavaThread "Unknown thread" [_thread_in_vm, id=142923, stack(0x00007fafd62b5000,0x00007fafd63b5000)]

Stack: [0x00007fafd62b5000,0x00007fafd63b5000],  sp=0x00007fafd63b3520,  free space=1017k
Native frames: (J=compiled Java code, j=interpreted, Vv=VM code, C=native code)
V  [libjvm.so+0xad3455]  VMError::report_and_die()+0x2e5
V  [libjvm.so+0x4e0537]  report_vm_out_of_memory(char const*, int, unsigned long, VMErrorType, char const*)+0x67
V  [libjvm.so+0x910320]  os::pd_commit_memory(char*, unsigned long, unsigned long, bool)+0x100
V  [libjvm.so+0x90794f]  os::commit_memory(char*, unsigned long, unsigned long, bool)+0x1f
V  [libjvm.so+0xacf74c]  VirtualSpace::initialize(ReservedSpace, unsigned long)+0x20c
V  [libjvm.so+0x5ecba6]  Generation::Generation(ReservedSpace, unsigned long, int)+0x96
V  [libjvm.so+0x4ea280]  DefNewGeneration::DefNewGeneration(ReservedSpace, unsigned long, int, char const*)+0x30
V  [libjvm.so+0x5ee47d]  GenerationSpec::init(ReservedSpace, int, GenRemSet*)+0x36d
V  [libjvm.so+0x5d935f]  GenCollectedHeap::initialize()+0x20f
V  [libjvm.so+0xa9707a]  Universe::initialize_heap()+0x16a
V  [libjvm.so+0xa97363]  universe_init()+0x33
V  [libjvm.so+0x6321a0]  init_globals()+0x50
V  [libjvm.so+0xa79a99]  Threads::create_vm(JavaVMInitArgs*, bool*)+0x409
V  [libjvm.so+0x6d7d1f]  JNI_CreateJavaVM+0x4f
C  [libjli.so+0x7ee4]  JavaMain+0x84
C  [libpthread.so.0+0x81ca]  start_thread+0xea


---------------  P R O C E S S  ---------------

Java Threads: ( => current thread )

Other Threads:

=>0x00007fafd000e000 (exited) JavaThread "Unknown thread" [_thread_in_vm, id=142923, stack(0x00007fafd62b5000,0x00007fafd63b5000)]

VM state:not at safepoint (not fully initialized)

VM Mutex/Monitor currently owned by a thread: None

heap address: 0x00000000c2a00000, size: 982 MB, Compressed Oops mode: Non-zero based:0x00000000c29ff000
Narrow klass base: 0x0000000000000000, Narrow klass shift: 0

GC Heap History (0 events):
No events

Deoptimization events (0 events):
No events

Classes redefined (0 events):
No events

Internal exceptions (0 events):
No events

Events (0 events):
No events


Dynamic libraries:
00400000-00401000 r-xp 00000000 08:01 1501037                            /opt/module/java/bin/java
00600000-00601000 r--p 00000000 08:01 1501037                            /opt/module/java/bin/java
00601000-00602000 rw-p 00001000 08:01 1501037                            /opt/module/java/bin/java
0120a000-0122b000 rw-p 00000000 00:00 0                                  [heap]
c3ea0000-100000000 ---p 00000000 00:00 0 
7fafc0161000-7fafc03f6000 rw-p 00000000 00:00 0 
7fafc03f6000-7fafc05e1000 ---p 00000000 00:00 0 
7fafc05e1000-7fafc05ec000 rw-p 00000000 00:00 0 
7fafc05ec000-7fafc09a2000 ---p 00000000 00:00 0 
7fafc09a2000-7fafc0c12000 rwxp 00000000 00:00 0 
7fafc0c12000-7fafcf9a2000 ---p 00000000 00:00 0 
7fafcf9a2000-7fafcf9bd000 r-xp 00000000 08:01 17206963                   /opt/module/java/jre/lib/amd64/libzip.so
7fafcf9bd000-7fafcfbbc000 ---p 0001b000 08:01 17206963                   /opt/module/java/jre/lib/amd64/libzip.so
7fafcfbbc000-7fafcfbbd000 r--p 0001a000 08:01 17206963                   /opt/module/java/jre/lib/amd64/libzip.so
7fafcfbbd000-7fafcfbbe000 rw-p 0001b000 08:01 17206963                   /opt/module/java/jre/lib/amd64/libzip.so
7fafcfbbe000-7fafcfbc9000 r-xp 00000000 08:01 531526                     /usr/lib64/libnss_files-2.28.so
7fafcfbc9000-7fafcfdc9000 ---p 0000b000 08:01 531526                     /usr/lib64/libnss_files-2.28.so
7fafcfdc9000-7fafcfdca000 r--p 0000b000 08:01 531526                     /usr/lib64/libnss_files-2.28.so
7fafcfdca000-7fafcfdcb000 rw-p 0000c000 08:01 531526                     /usr/lib64/libnss_files-2.28.so
7fafcfdcb000-7fafcfdd1000 rw-p 00000000 00:00 0 
7fafcfdd1000-7fafcfdfd000 r-xp 00000000 08:01 17206940                   /opt/module/java/jre/lib/amd64/libjava.so
7fafcfdfd000-7fafcfffd000 ---p 0002c000 08:01 17206940                   /opt/module/java/jre/lib/amd64/libjava.so
7fafcfffd000-7fafcfffe000 r--p 0002c000 08:01 17206940                   /opt/module/java/jre/lib/amd64/libjava.so
7fafcfffe000-7fafd0000000 rw-p 0002d000 08:01 17206940                   /opt/module/java/jre/lib/amd64/libjava.so
7fafd0000000-7fafd0037000 rw-p 00000000 00:00 0 
7fafd0037000-7fafd4000000 ---p 00000000 00:00 0 
7fafd400c000-7fafd4019000 r-xp 00000000 08:01 17206957                   /opt/module/java/jre/lib/amd64/libverify.so
7fafd4019000-7fafd4218000 ---p 0000d000 08:01 17206957                   /opt/module/java/jre/lib/amd64/libverify.so
7fafd4218000-7fafd421a000 r--p 0000c000 08:01 17206957                   /opt/module/java/jre/lib/amd64/libverify.so
7fafd421a000-7fafd421b000 rw-p 0000e000 08:01 17206957                   /opt/module/java/jre/lib/amd64/libverify.so
7fafd421b000-7fafd4222000 r-xp 00000000 08:01 531532                     /usr/lib64/librt-2.28.so
7fafd4222000-7fafd4421000 ---p 00007000 08:01 531532                     /usr/lib64/librt-2.28.so
7fafd4421000-7fafd4422000 r--p 00006000 08:01 531532                     /usr/lib64/librt-2.28.so
7fafd4422000-7fafd4423000 rw-p 00007000 08:01 531532                     /usr/lib64/librt-2.28.so
7fafd4423000-7fafd45a3000 r-xp 00000000 08:01 531454                     /usr/lib64/libm-2.28.so
7fafd45a3000-7fafd47a3000 ---p 00180000 08:01 531454                     /usr/lib64/libm-2.28.so
7fafd47a3000-7fafd47a4000 r--p 00180000 08:01 531454                     /usr/lib64/libm-2.28.so
7fafd47a4000-7fafd47a5000 rw-p 00181000 08:01 531454                     /usr/lib64/libm-2.28.so
7fafd47a5000-7fafd548d000 r-xp 00000000 08:01 53036007                   /opt/module/java/jre/lib/amd64/server/libjvm.so
7fafd548d000-7fafd568c000 ---p 00ce8000 08:01 53036007                   /opt/module/java/jre/lib/amd64/server/libjvm.so
7fafd568c000-7fafd5722000 r--p 00ce7000 08:01 53036007                   /opt/module/java/jre/lib/amd64/server/libjvm.so
7fafd5722000-7fafd5753000 rw-p 00d7d000 08:01 53036007                   /opt/module/java/jre/lib/amd64/server/libjvm.so
7fafd5753000-7fafd578e000 rw-p 00000000 00:00 0 
7fafd578e000-7fafd5949000 r-xp 00000000 08:01 531450                     /usr/lib64/libc-2.28.so
7fafd5949000-7fafd5b49000 ---p 001bb000 08:01 531450                     /usr/lib64/libc-2.28.so
7fafd5b49000-7fafd5b4d000 r--p 001bb000 08:01 531450                     /usr/lib64/libc-2.28.so
7fafd5b4d000-7fafd5b4f000 rw-p 001bf000 08:01 531450                     /usr/lib64/libc-2.28.so
7fafd5b4f000-7fafd5b53000 rw-p 00000000 00:00 0 
7fafd5b53000-7fafd5b56000 r-xp 00000000 08:01 531452                     /usr/lib64/libdl-2.28.so
7fafd5b56000-7fafd5d55000 ---p 00003000 08:01 531452                     /usr/lib64/libdl-2.28.so
7fafd5d55000-7fafd5d56000 r--p 00002000 08:01 531452                     /usr/lib64/libdl-2.28.so
7fafd5d56000-7fafd5d57000 rw-p 00003000 08:01 531452                     /usr/lib64/libdl-2.28.so
7fafd5d57000-7fafd5d6e000 r-xp 00000000 08:01 36545360                   /opt/module/java/lib/amd64/jli/libjli.so
7fafd5d6e000-7fafd5f6d000 ---p 00017000 08:01 36545360                   /opt/module/java/lib/amd64/jli/libjli.so
7fafd5f6d000-7fafd5f6e000 r--p 00016000 08:01 36545360                   /opt/module/java/lib/amd64/jli/libjli.so
7fafd5f6e000-7fafd5f6f000 rw-p 00017000 08:01 36545360                   /opt/module/java/lib/amd64/jli/libjli.so
7fafd5f6f000-7fafd5f8a000 r-xp 00000000 08:01 531528                     /usr/lib64/libpthread-2.28.so
7fafd5f8a000-7fafd6189000 ---p 0001b000 08:01 531528                     /usr/lib64/libpthread-2.28.so
7fafd6189000-7fafd618a000 r--p 0001a000 08:01 531528                     /usr/lib64/libpthread-2.28.so
7fafd618a000-7fafd618b000 rw-p 0001b000 08:01 531528                     /usr/lib64/libpthread-2.28.so
7fafd618b000-7fafd618f000 rw-p 00000000 00:00 0 
7fafd618f000-7fafd61bd000 r-xp 00000000 08:01 531443                     /usr/lib64/ld-2.28.so
7fafd62ac000-7fafd62b4000 rw-s 00000000 08:01 3329359                    /tmp/hsperfdata_vagrant/142911
7fafd62b4000-7fafd62b5000 ---p 00000000 00:00 0 
7fafd62b5000-7fafd62b8000 ---p 00000000 00:00 0 
7fafd62b8000-7fafd63b7000 rw-p 00000000 00:00 0 
7fafd63b9000-7fafd63ba000 rw-p 00000000 00:00 0 
7fafd63ba000-7fafd63bb000 r--p 00000000 00:00 0 
7fafd63bb000-7fafd63bd000 rw-p 00000000 00:00 0 
7fafd63bd000-7fafd63be000 r--p 0002e000 08:01 531443                     /usr/lib64/ld-2.28.so
7fafd63be000-7fafd63c0000 rw-p 0002f000 08:01 531443                     /usr/lib64/ld-2.28.so
7ffdfa867000-7ffdfa889000 rw-p 00000000 00:00 0                          [stack]
7ffdfa94e000-7ffdfa952000 r--p 00000000 00:00 0                          [vvar]
7ffdfa952000-7ffdfa954000 r-xp 00000000 00:00 0                          [vdso]
ffffffffff600000-ffffffffff601000 r-xp 00000000 00:00 0                  [vsyscall]

VM Arguments:
jvm_args: -Dlog4j.shutdownCallbackRegistry=com.djdch.log4j.StaticShutdownCallbackRegistry 
java_command: com.zendesk.maxwell.bootstrap.MaxwellBootstrapUtility --config /opt/module/maxwell/config.properties --database gmall --table coupon_range
java_class_path (initial): :/opt/module/maxwell/bin/../lib/jetty-http-9.4.35.v20201120.jar:/opt/module/maxwell/bin/../lib/grpc-context-1.22.1.jar:/opt/module/maxwell/bin/../lib/jedis-3.1.0.jar:/opt/module/maxwell/bin/../lib/metrics-core-4.1.12.1.jar:/opt/module/maxwell/bin/../lib/log4j-api-2.13.2.jar:/opt/module/maxwell/bin/../lib/amqp-client-5.7.3.jar:/opt/module/maxwell/bin/../lib/log4j-slf4j-impl-2.12.1.jar:/opt/module/maxwell/bin/../lib/javax.annotation-api-1.3.2.jar:/opt/module/maxwell/bin/../lib/jmespath-java-1.11.893.jar:/opt/module/maxwell/bin/../lib/conscrypt-openjdk-uber-2.2.1.jar:/opt/module/maxwell/bin/../lib/metrics-json-4.1.10.jar:/opt/module/maxwell/bin/../lib/asm-tree-5.0.3.jar:/opt/module/maxwell/bin/../lib/mysql-binlog-connector-java-0.23.3.jar:/opt/module/maxwell/bin/../lib/opencensus-contrib-http-util-0.24.0.jar:/opt/module/maxwell/bin/../lib/amazon-kinesis-producer-0.14.0.jar:/opt/module/maxwell/bin/../lib/jts-1.13.jar:/opt/module/maxwell/bin/../lib/metrics-datadog-2.0.0-RC2.jar:/opt/module/maxwell/bin/../lib/jgroups-4.2.10.Final.jar:/opt/module/maxwell/bin/../lib/httpclient-4.5.13.jar:/opt/module/maxwell/bin/../lib/auto-value-annotations-1.7.2.jar:/opt/module/maxwell/bin/../lib/proto-google-iam-v1-0.13.0.jar:/opt/module/maxwell/bin/../lib/grpc-protobuf-1.29.0.jar:/opt/module/maxwell/bin/../lib/lz4-java-1.4.jar:/opt/module/maxwell/bin/../lib/joda-time-2.8.1.jar:/opt/module/maxwell/bin/../lib/perfmark-api-0.19.0.jar:/opt/module/maxwell/bin/../lib/metrics-healthchecks-4.1.10.jar:/opt/module/maxwell/bin/../lib/ion-java-1.0.2.jar:/opt/module/maxwell/bin/../lib/guava-24.1.1-jre.jar:/opt/module/maxwell/bin/../lib/aws-java-sdk-sqs-1.11.893.jar:/opt/module/maxwell/bin/../lib/jline-3.6.1.jar:/opt/module/maxwell/bin/../lib/jgroups-raft-0.5.3.Final.jar:/opt/module/maxwell/bin/../lib/jaxb-api-2.3.0.jar:/opt/module/maxwell/bin/../lib/jetty-util-ajax-9.4.35.v20201120.jar:/opt/module/maxwell/bin/../lib/jetty-util-9.4.35.v20201120.jar:/opt/module/maxwell/bin/
Launcher Type: SUN_STANDARD

Environment Variables:
JAVA_HOME=/opt/module/java
PATH=/opt/module/java/bin:/opt/module/java/bin:/opt/module/java/bin:/opt/module/java/bin:/opt/module/hive/bin:/opt/module/java/bin:/opt/module/java/bin:/opt/module/java/bin:/opt/module/java/bin:/opt/module/java/bin:/opt/module/java/bin:/home/vagrant/.local/bin:/home/vagrant/bin:/usr/local/bin:/usr/bin:/usr/local/sbin:/usr/sbin:/opt/module/hadoop/bin:/opt/module/hadoop/sbin:/opt/module/zookeeper/bin:/opt/module/kafka/bin:/opt/module/flume/bin:/opt/module/hadoop/bin:/opt/module/hadoop/sbin:/opt/module/zookeeper/bin:/opt/module/kafka/bin:/opt/module/flume/bin:/opt/module/hadoop/bin:/opt/module/hadoop/sbin:/opt/module/zookeeper/bin:/opt/module/kafka/bin:/opt/module/flume/bin:/opt/module/datax/bin:/opt/module/spark/bin:/opt/module/spark/sbin:/opt/module/spark/bin:/opt/module/spark/sbin:/opt/module/hadoop/bin:/opt/module/hadoop/sbin:/opt/module/zookeeper/bin:/opt/module/kafka/bin:/opt/module/flume/bin:/opt/module/hive/bin:/opt/module/datax/bin:/opt/module/maxwell/bin:/opt/module/spark/bin:/opt/module/spark/sbin:/opt/module/hadoop/bin:/opt/module/hadoop/sbin:/opt/module/zookeeper/bin:/opt/module/kafka/bin:/opt/module/flume/bin:/opt/module/hive/bin:/opt/module/datax/bin:/opt/module/maxwell/bin:/opt/module/spark/bin:/opt/module/spark/sbin:/opt/module/hadoop/bin:/opt/module/hadoop/sbin:/opt/module/zookeeper/bin:/opt/module/kafka/bin:/opt/module/flume/bin:/opt/module/hive/bin:/opt/module/datax/bin:/opt/module/maxwell/bin:/opt/module/spark/bin:/opt/module/spark/sbin:/opt/module/hadoop/bin:/opt/module/hadoop/sbin:/opt/module/zookeeper/bin:/opt/module/kafka/bin:/opt/module/flume/bin:/opt/module/hive/bin:/opt/module/datax/bin:/opt/module/maxwell/bin:/opt/module/spark/bin:/opt/module/spark/sbin
SHELL=/bin/bash

Signal Handlers:
SIGSEGV: [libjvm.so+0xad3d90], sa_mask[0]=11111111011111111101111111111110, sa_flags=SA_RESTART|SA_SIGINFO
SIGBUS: [libjvm.so+0xad3d90], sa_mask[0]=11111111011111111101111111111110, sa_flags=SA_RESTART|SA_SIGINFO
SIGFPE: [libjvm.so+0x90b8b0], sa_mask[0]=11111111011111111101111111111110, sa_flags=SA_RESTART|SA_SIGINFO
SIGPIPE: [libjvm.so+0x90b8b0], sa_mask[0]=11111111011111111101111111111110, sa_flags=SA_RESTART|SA_SIGINFO
SIGXFSZ: [libjvm.so+0x90b8b0], sa_mask[0]=11111111011111111101111111111110, sa_flags=SA_RESTART|SA_SIGINFO
SIGILL: [libjvm.so+0x90b8b0], sa_mask[0]=11111111011111111101111111111110, sa_flags=SA_RESTART|SA_SIGINFO
SIGUSR1: SIG_DFL, sa_mask[0]=00000000000000000000000000000000, sa_flags=none
SIGUSR2: [libjvm.so+0x90b780], sa_mask[0]=00000000000000000000000000000000, sa_flags=SA_RESTART|SA_SIGINFO
SIGHUP: SIG_IGN, sa_mask[0]=00000000000000000000000000000000, sa_flags=none
SIGINT: SIG_IGN, sa_mask[0]=00000000000000000000000000000000, sa_flags=none
SIGTERM: SIG_DFL, sa_mask[0]=00000000000000000000000000000000, sa_flags=none
SIGQUIT: SIG_IGN, sa_mask[0]=00000000000000000000000000000000, sa_flags=none


---------------  S Y S T E M  ---------------

OS:AlmaLinux release 8.8 (Sapphire Caracal)

uname:Linux 4.18.0-477.13.1.el8_8.x86_64 #1 SMP Tue May 30 14:53:41 EDT 2023 x86_64
libc:glibc 2.28 NPTL 2.28 
rlimit: STACK 8192k, CORE 0k, NPROC 15549, NOFILE 262144, AS infinity
load average:78.54 30.50 12.43

/proc/meminfo:
MemTotal:        4016020 kB
MemFree:          404268 kB
MemAvailable:     342752 kB
Buffers:               0 kB
Cached:           111712 kB
SwapCached:            0 kB
Active:            24212 kB
Inactive:        3432324 kB
Active(anon):       2668 kB
Inactive(anon):  3367300 kB
Active(file):      21544 kB
Inactive(file):    65024 kB
Unevictable:           0 kB
Mlocked:               0 kB
SwapTotal:             0 kB
SwapFree:              0 kB
Dirty:               380 kB
Writeback:             0 kB
AnonPages:       3226844 kB
Mapped:            34948 kB
Shmem:             25124 kB
KReclaimable:      26640 kB
Slab:              68684 kB
SReclaimable:      26640 kB
SUnreclaim:        42044 kB
KernelStack:       13680 kB
PageTables:        30380 kB
NFS_Unstable:          0 kB
Bounce:                0 kB
WritebackTmp:          0 kB
CommitLimit:     2008008 kB
Committed_AS:    5355716 kB
VmallocTotal:   34359738367 kB
VmallocUsed:       36764 kB
VmallocChunk:          0 kB
Percpu:              432 kB
HardwareCorrupted:     0 kB
AnonHugePages:   1830912 kB
ShmemHugePages:        0 kB
ShmemPmdMapped:        0 kB
FileHugePages:         0 kB
FilePmdMapped:         0 kB
HugePages_Total:       0
HugePages_Free:        0
HugePages_Rsvd:        0
HugePages_Surp:        0
Hugepagesize:       2048 kB
Hugetlb:               0 kB
DirectMap4k:      143296 kB
DirectMap2M:     4050944 kB

container (cgroup) information:
container_type: cgroupv1
cpu_cpuset_cpus: 0
cpu_memory_nodes: 0
active_processor_count: 1
cpu_quota: -1
cpu_period: 100000
cpu_shares: -1
memory_limit_in_bytes: -1
memory_and_swap_limit_in_bytes: -1
memory_soft_limit_in_bytes: -1
memory_usage_in_bytes: 1201446912
memory_max_usage_in_bytes: 1264377856


CPU:total 1 (initial active 1) (1 cores per cpu, 1 threads per core) family 6 model 186 stepping 3, cmov, cx8, fxsr, mmx, sse, sse2, sse3, ssse3, sse4.1, sse4.2, popcnt, aes, clmul, 3dnowpref, lzcnt, tsc, tscinvbit, bmi1, bmi2

/proc/cpuinfo:
processor	: 0
vendor_id	: GenuineIntel
cpu family	: 6
model		: 186
model name	: 13th Gen Intel(R) Core(TM) i7-1355U
stepping	: 3
microcode	: 0xffffffff
cpu MHz		: 2611.208
cache size	: 12288 KB
physical id	: 0
siblings	: 1
core id		: 0
cpu cores	: 1
apicid		: 0
initial apicid	: 0
fpu		: yes
fpu_exception	: yes
cpuid level	: 22
wp		: yes
flags		: fpu vme de pse tsc msr pae mce cx8 apic sep mtrr pge mca cmov pat pse36 clflush mmx fxsr sse sse2 ht syscall nx rdtscp lm constant_tsc rep_good nopl xtopology nonstop_tsc cpuid tsc_known_freq pni pclmulqdq ssse3 cx16 pcid sse4_1 sse4_2 movbe popcnt aes rdrand hypervisor lahf_lm abm 3dnowprefetch invpcid_single ibrs_enhanced fsgsbase bmi1 bmi2 invpcid rdseed clflushopt arat md_clear flush_l1d arch_capabilities
bugs		: spectre_v1 spectre_v2 spec_store_bypass swapgs mmio_unknown retbleed eibrs_pbrsb
bogomips	: 5222.41
clflush size	: 64
cache_alignment	: 64
address sizes	: 39 bits physical, 48 bits virtual
power management:



Memory: 4k page, physical 4016020k(404240k free), swap 0k(0k free)

vm_info: Java HotSpot(TM) 64-Bit Server VM (25.212-b10) for linux-amd64 JRE (1.8.0_212-b10), built on Apr  1 2019 21:31:50 by "java_re" with gcc 7.3.0

time: Fri Jan 16 20:49:39 2026
timezone: CST
elapsed time: 139 seconds (0d 0h 2m 19s)

